 发生时间：2017-09-05 00:19:37.2267
 日志级别：ERROR
 操作账号：1
 操作者IP：192.168.0.104
 IP归属地：未分配或者内网IP  内网IP
 浏 览 器：Chrome 60.0
 操作模块：程序异常
 提示信息：给定关键字不在字典中。SELECT lycoder.sys_user.`Id`, lycoder.sys_user.`SUAccount`, lycoder.sys_user.`SURealName`, lycoder.sys_user.`SUNickName`, lycoder.sys_user.`SUBirthday`, lycoder.sys_user.`SUMobilePhone`, lycoder.sys_user.`SUGender`, lycoder.sys_user.`SUAvatar`, lycoder.sys_user.`SUEmail`, lycoder.sys_user.`SUSignature`, lycoder.sys_user.`SUAddress`, lycoder.sys_user.`SUCompanyId`, lycoder.sys_user.`SUDepartmentId`, lycoder.sys_user.`SUIsEnabled`, lycoder.sys_user.`SUDeleteMark`, lycoder.sys_user.`SUCreateUser`, lycoder.sys_user.`SUModifyUser`, lycoder.sys_user.`SUCreateTime`, lycoder.sys_user.`SUModifyTime` FROM lycoder.sys_user WHERE `Id`=@0
	 -> @0 [String] = "2"   在 System.Collections.Generic.Dictionary`2.get_Item(TKey key)
   在 LYCoder.Entity.Database.ExecuteUpdate(String tableName, String primaryKeyName, Object poco, Object primaryKeyValue, IEnumerable`1 columns) 位置 F:\Projects\LYCoder\LYCoder.Entity\TableModels\PetaPoco.cs:行号 1595

 发生时间：2017-09-05 00:19:37.3357
 日志级别：ERROR
 操作账号：1
 操作者IP：192.168.0.104
 IP归属地：未分配或者内网IP  内网IP
 浏 览 器：Chrome 60.0
 操作模块：程序异常
 提示信息：给定关键字不在字典中。   在 System.Collections.Generic.Dictionary`2.get_Item(TKey key)
   在 LYCoder.Entity.Database.ExecuteUpdate(String tableName, String primaryKeyName, Object poco, Object primaryKeyValue, IEnumerable`1 columns) 位置 F:\Projects\LYCoder\LYCoder.Entity\TableModels\PetaPoco.cs:行号 1646
   在 LYCoder.Entity.Database.Update(Object poco, Object primaryKeyValue, IEnumerable`1 columns) 位置 F:\Projects\LYCoder\LYCoder.Entity\TableModels\PetaPoco.cs:行号 1517
   在 LYCoder.Entity.Database.Update(Object poco, IEnumerable`1 columns) 位置 F:\Projects\LYCoder\LYCoder.Entity\TableModels\PetaPoco.cs:行号 1480
   在 LYCoder.DataAccess.BaseAccess`1.Update(TEntity model, IEnumerable`1 columns) 位置 F:\Projects\LYCoder\LYCoder.DataAccess\BaseAccess.cs:行号 54
   在 LYCoder.Service.UserService.Update(Sys_User model) 位置 F:\Projects\LYCoder\LYCoder.Service\System\UserService.cs:行号 35
   在 LYCoder.Web.Areas.System.Controllers.UserController.Form(Sys_User model, String password, String roleIds) 位置 F:\Projects\LYCoder\LYCoder.Controller\System\UserController.cs:行号 67
   在 lambda_method(Closure , ControllerBase , Object[] )
   在 System.Web.Mvc.ReflectedActionDescriptor.Execute(ControllerContext controllerContext, IDictionary`2 parameters)
   在 System.Web.Mvc.ControllerActionInvoker.InvokeActionMethod(ControllerContext controllerContext, ActionDescriptor actionDescriptor, IDictionary`2 parameters)
   在 System.Web.Mvc.Async.AsyncControllerActionInvoker.<BeginInvokeSynchronousActionMethod>b__39(IAsyncResult asyncResult, ActionInvocation innerInvokeState)
   在 System.Web.Mvc.Async.AsyncResultWrapper.WrappedAsyncResult`2.CallEndDelegate(IAsyncResult asyncResult)
   在 System.Web.Mvc.Async.AsyncControllerActionInvoker.EndInvokeActionMethod(IAsyncResult asyncResult)
   在 System.Web.Mvc.Async.AsyncControllerActionInvoker.AsyncInvocationWithFilters.<InvokeActionMethodFilterAsynchronouslyRecursive>b__3d()
   在 System.Web.Mvc.Async.AsyncControllerActionInvoker.AsyncInvocationWithFilters.<>c__DisplayClass46.<InvokeActionMethodFilterAsynchronouslyRecursive>b__3f()
   在 System.Web.Mvc.Async.AsyncControllerActionInvoker.AsyncInvocationWithFilters.<>c__DisplayClass46.<InvokeActionMethodFilterAsynchronouslyRecursive>b__3f()
   在 System.Web.Mvc.Async.AsyncControllerActionInvoker.EndInvokeActionMethodWithFilters(IAsyncResult asyncResult)
   在 System.Web.Mvc.Async.AsyncControllerActionInvoker.<>c__DisplayClass21.<>c__DisplayClass2b.<BeginInvokeAction>b__1c()
   在 System.Web.Mvc.Async.AsyncControllerActionInvoker.<>c__DisplayClass21.<BeginInvokeAction>b__1e(IAsyncResult asyncResult)

 发生时间：2017-09-05 00:20:08.1745
 日志级别：ERROR
 操作账号：1
 操作者IP：192.168.0.104
 IP归属地：未分配或者内网IP  内网IP
 浏 览 器：Chrome 60.0
 操作模块：给定关键字不在字典中。
 提示信息：   在 System.Collections.Generic.Dictionary`2.get_Item(TKey key)
   在 LYCoder.Entity.Database.ExecuteUpdate(String tableName, String primaryKeyName, Object poco, Object primaryKeyValue, IEnumerable`1 columns) 位置 F:\Projects\LYCoder\LYCoder.Entity\TableModels\PetaPoco.cs:行号 1646
   在 LYCoder.Entity.Database.Update(Object poco, Object primaryKeyValue, IEnumerable`1 columns) 位置 F:\Projects\LYCoder\LYCoder.Entity\TableModels\PetaPoco.cs:行号 1517
   在 LYCoder.Entity.Database.Update(Object poco, IEnumerable`1 columns) 位置 F:\Projects\LYCoder\LYCoder.Entity\TableModels\PetaPoco.cs:行号 1480
   在 LYCoder.DataAccess.BaseAccess`1.Update(TEntity model, IEnumerable`1 columns) 位置 F:\Projects\LYCoder\LYCoder.DataAccess\BaseAccess.cs:行号 54
   在 LYCoder.Service.UserService.Update(Sys_User model) 位置 F:\Projects\LYCoder\LYCoder.Service\System\UserService.cs:行号 35
   在 LYCoder.Web.Areas.System.Controllers.UserController.Form(Sys_User model, String password, String roleIds) 位置 F:\Projects\LYCoder\LYCoder.Controller\System\UserController.cs:行号 67
   在 lambda_method(Closure , ControllerBase , Object[] )
   在 System.Web.Mvc.ReflectedActionDescriptor.Execute(ControllerContext controllerContext, IDictionary`2 parameters)
   在 System.Web.Mvc.ControllerActionInvoker.InvokeActionMethod(ControllerContext controllerContext, ActionDescriptor actionDescriptor, IDictionary`2 parameters)
   在 System.Web.Mvc.Async.AsyncControllerActionInvoker.<BeginInvokeSynchronousActionMethod>b__39(IAsyncResult asyncResult, ActionInvocation innerInvokeState)
   在 System.Web.Mvc.Async.AsyncResultWrapper.WrappedAsyncResult`2.CallEndDelegate(IAsyncResult asyncResult)
   在 System.Web.Mvc.Async.AsyncControllerActionInvoker.EndInvokeActionMethod(IAsyncResult asyncResult)
   在 System.Web.Mvc.Async.AsyncControllerActionInvoker.AsyncInvocationWithFilters.<InvokeActionMethodFilterAsynchronouslyRecursive>b__3d()
   在 System.Web.Mvc.Async.AsyncControllerActionInvoker.AsyncInvocationWithFilters.<>c__DisplayClass46.<InvokeActionMethodFilterAsynchronouslyRecursive>b__3f()
   在 System.Web.Mvc.Async.AsyncControllerActionInvoker.AsyncInvocationWithFilters.<>c__DisplayClass46.<InvokeActionMethodFilterAsynchronouslyRecursive>b__3f()
   在 System.Web.Mvc.Async.AsyncControllerActionInvoker.EndInvokeActionMethodWithFilters(IAsyncResult asyncResult)
   在 System.Web.Mvc.Async.AsyncControllerActionInvoker.<>c__DisplayClass21.<>c__DisplayClass2b.<BeginInvokeAction>b__1c()
   在 System.Web.Mvc.Async.AsyncControllerActionInvoker.<>c__DisplayClass21.<BeginInvokeAction>b__1e(IAsyncResult asyncResult)

 发生时间：2017-09-05 00:22:32.8548
 日志级别：ERROR
 操作账号：1
 操作者IP：192.168.0.104
 IP归属地：未分配或者内网IP  内网IP
 浏 览 器：Chrome 60.0
 操作模块：程序异常
 提示信息：给定关键字不在字典中。SELECT u.*, o.SOFullName
FROM Sys_User u
LEFT JOIN Sys_Organize o
ON u.SUDepartmentId=o.Id
WHERE (u.SUDeleteMark=0 and u.SUAccount like @0 or u.SURealName like @1)
ORDER BY u.id desc
LIMIT @2 OFFSET @3
	 -> @0 [String] = "%%"
	 -> @1 [String] = "%%"
	 -> @2 [Int64] = "10"
	 -> @3 [Int64] = "0"   在 System.Collections.Generic.Dictionary`2.get_Item(TKey key)
   在 LYCoder.Entity.Database.ExecuteUpdate(String tableName, String primaryKeyName, Object poco, Object primaryKeyValue, IEnumerable`1 columns) 位置 F:\Projects\LYCoder\LYCoder.Entity\TableModels\PetaPoco.cs:行号 1595

 发生时间：2017-09-05 00:22:58.4002
 日志级别：ERROR
 操作账号：1
 操作者IP：192.168.0.104
 IP归属地：未分配或者内网IP  内网IP
 浏 览 器：Chrome 60.0
 操作模块：程序异常
 提示信息：给定关键字不在字典中。   在 System.Collections.Generic.Dictionary`2.get_Item(TKey key)
   在 LYCoder.Entity.Database.ExecuteUpdate(String tableName, String primaryKeyName, Object poco, Object primaryKeyValue, IEnumerable`1 columns) 位置 F:\Projects\LYCoder\LYCoder.Entity\TableModels\PetaPoco.cs:行号 1646
   在 LYCoder.Entity.Database.Update(Object poco, Object primaryKeyValue, IEnumerable`1 columns) 位置 F:\Projects\LYCoder\LYCoder.Entity\TableModels\PetaPoco.cs:行号 1517
   在 LYCoder.Entity.Database.Update(Object poco, IEnumerable`1 columns) 位置 F:\Projects\LYCoder\LYCoder.Entity\TableModels\PetaPoco.cs:行号 1480
   在 LYCoder.DataAccess.BaseAccess`1.Update(TEntity model, IEnumerable`1 columns) 位置 F:\Projects\LYCoder\LYCoder.DataAccess\BaseAccess.cs:行号 54
   在 LYCoder.Service.UserService.Update(Sys_User model) 位置 F:\Projects\LYCoder\LYCoder.Service\System\UserService.cs:行号 35
   在 LYCoder.Web.Areas.System.Controllers.UserController.Form(Sys_User model, String password, String roleIds) 位置 F:\Projects\LYCoder\LYCoder.Controller\System\UserController.cs:行号 67
   在 lambda_method(Closure , ControllerBase , Object[] )
   在 System.Web.Mvc.ReflectedActionDescriptor.Execute(ControllerContext controllerContext, IDictionary`2 parameters)
   在 System.Web.Mvc.ControllerActionInvoker.InvokeActionMethod(ControllerContext controllerContext, ActionDescriptor actionDescriptor, IDictionary`2 parameters)
   在 System.Web.Mvc.Async.AsyncControllerActionInvoker.<BeginInvokeSynchronousActionMethod>b__39(IAsyncResult asyncResult, ActionInvocation innerInvokeState)
   在 System.Web.Mvc.Async.AsyncResultWrapper.WrappedAsyncResult`2.CallEndDelegate(IAsyncResult asyncResult)
   在 System.Web.Mvc.Async.AsyncControllerActionInvoker.EndInvokeActionMethod(IAsyncResult asyncResult)
   在 System.Web.Mvc.Async.AsyncControllerActionInvoker.AsyncInvocationWithFilters.<InvokeActionMethodFilterAsynchronouslyRecursive>b__3d()
   在 System.Web.Mvc.Async.AsyncControllerActionInvoker.AsyncInvocationWithFilters.<>c__DisplayClass46.<InvokeActionMethodFilterAsynchronouslyRecursive>b__3f()
   在 System.Web.Mvc.Async.AsyncControllerActionInvoker.AsyncInvocationWithFilters.<>c__DisplayClass46.<InvokeActionMethodFilterAsynchronouslyRecursive>b__3f()
   在 System.Web.Mvc.Async.AsyncControllerActionInvoker.EndInvokeActionMethodWithFilters(IAsyncResult asyncResult)
   在 System.Web.Mvc.Async.AsyncControllerActionInvoker.<>c__DisplayClass21.<>c__DisplayClass2b.<BeginInvokeAction>b__1c()
   在 System.Web.Mvc.Async.AsyncControllerActionInvoker.<>c__DisplayClass21.<BeginInvokeAction>b__1e(IAsyncResult asyncResult)

 发生时间：2017-09-05 00:22:58.4462
 日志级别：ERROR
 操作账号：1
 操作者IP：192.168.0.104
 IP归属地：未分配或者内网IP  内网IP
 浏 览 器：Chrome 60.0
 操作模块：给定关键字不在字典中。
 提示信息：   在 System.Collections.Generic.Dictionary`2.get_Item(TKey key)
   在 LYCoder.Entity.Database.ExecuteUpdate(String tableName, String primaryKeyName, Object poco, Object primaryKeyValue, IEnumerable`1 columns) 位置 F:\Projects\LYCoder\LYCoder.Entity\TableModels\PetaPoco.cs:行号 1646
   在 LYCoder.Entity.Database.Update(Object poco, Object primaryKeyValue, IEnumerable`1 columns) 位置 F:\Projects\LYCoder\LYCoder.Entity\TableModels\PetaPoco.cs:行号 1517
   在 LYCoder.Entity.Database.Update(Object poco, IEnumerable`1 columns) 位置 F:\Projects\LYCoder\LYCoder.Entity\TableModels\PetaPoco.cs:行号 1480
   在 LYCoder.DataAccess.BaseAccess`1.Update(TEntity model, IEnumerable`1 columns) 位置 F:\Projects\LYCoder\LYCoder.DataAccess\BaseAccess.cs:行号 54
   在 LYCoder.Service.UserService.Update(Sys_User model) 位置 F:\Projects\LYCoder\LYCoder.Service\System\UserService.cs:行号 35
   在 LYCoder.Web.Areas.System.Controllers.UserController.Form(Sys_User model, String password, String roleIds) 位置 F:\Projects\LYCoder\LYCoder.Controller\System\UserController.cs:行号 67
   在 lambda_method(Closure , ControllerBase , Object[] )
   在 System.Web.Mvc.ReflectedActionDescriptor.Execute(ControllerContext controllerContext, IDictionary`2 parameters)
   在 System.Web.Mvc.ControllerActionInvoker.InvokeActionMethod(ControllerContext controllerContext, ActionDescriptor actionDescriptor, IDictionary`2 parameters)
   在 System.Web.Mvc.Async.AsyncControllerActionInvoker.<BeginInvokeSynchronousActionMethod>b__39(IAsyncResult asyncResult, ActionInvocation innerInvokeState)
   在 System.Web.Mvc.Async.AsyncResultWrapper.WrappedAsyncResult`2.CallEndDelegate(IAsyncResult asyncResult)
   在 System.Web.Mvc.Async.AsyncControllerActionInvoker.EndInvokeActionMethod(IAsyncResult asyncResult)
   在 System.Web.Mvc.Async.AsyncControllerActionInvoker.AsyncInvocationWithFilters.<InvokeActionMethodFilterAsynchronouslyRecursive>b__3d()
   在 System.Web.Mvc.Async.AsyncControllerActionInvoker.AsyncInvocationWithFilters.<>c__DisplayClass46.<InvokeActionMethodFilterAsynchronouslyRecursive>b__3f()
   在 System.Web.Mvc.Async.AsyncControllerActionInvoker.AsyncInvocationWithFilters.<>c__DisplayClass46.<InvokeActionMethodFilterAsynchronouslyRecursive>b__3f()
   在 System.Web.Mvc.Async.AsyncControllerActionInvoker.EndInvokeActionMethodWithFilters(IAsyncResult asyncResult)
   在 System.Web.Mvc.Async.AsyncControllerActionInvoker.<>c__DisplayClass21.<>c__DisplayClass2b.<BeginInvokeAction>b__1c()
   在 System.Web.Mvc.Async.AsyncControllerActionInvoker.<>c__DisplayClass21.<BeginInvokeAction>b__1e(IAsyncResult asyncResult)

 发生时间：2017-09-05 00:23:32.6382
 日志级别：ERROR
 操作账号：1
 操作者IP：192.168.0.104
 IP归属地：未分配或者内网IP  内网IP
 浏 览 器：Chrome 60.0
 操作模块：程序异常
 提示信息：给定关键字不在字典中。SELECT u.*, o.SOFullName
FROM Sys_User u
LEFT JOIN Sys_Organize o
ON u.SUDepartmentId=o.Id
WHERE (u.SUDeleteMark=0 and u.SUAccount like @0 or u.SURealName like @1)
ORDER BY u.id desc
LIMIT @2 OFFSET @3
	 -> @0 [String] = "%%"
	 -> @1 [String] = "%%"
	 -> @2 [Int64] = "10"
	 -> @3 [Int64] = "0"   在 System.Collections.Generic.Dictionary`2.get_Item(TKey key)
   在 LYCoder.Entity.Database.ExecuteUpdate(String tableName, String primaryKeyName, Object poco, Object primaryKeyValue, IEnumerable`1 columns) 位置 F:\Projects\LYCoder\LYCoder.Entity\TableModels\PetaPoco.cs:行号 1595

 发生时间：2017-09-05 00:25:41.5536
 日志级别：ERROR
 操作账号：1
 操作者IP：192.168.0.104
 IP归属地：未分配或者内网IP  内网IP
 浏 览 器：Chrome 60.0
 操作模块：程序异常
 提示信息：给定关键字不在字典中。   在 System.Collections.Generic.Dictionary`2.get_Item(TKey key)
   在 LYCoder.Entity.Database.ExecuteUpdate(String tableName, String primaryKeyName, Object poco, Object primaryKeyValue, IEnumerable`1 columns) 位置 F:\Projects\LYCoder\LYCoder.Entity\TableModels\PetaPoco.cs:行号 1646
   在 LYCoder.Entity.Database.Update(Object poco, Object primaryKeyValue, IEnumerable`1 columns) 位置 F:\Projects\LYCoder\LYCoder.Entity\TableModels\PetaPoco.cs:行号 1517
   在 LYCoder.Entity.Database.Update(Object poco, IEnumerable`1 columns) 位置 F:\Projects\LYCoder\LYCoder.Entity\TableModels\PetaPoco.cs:行号 1480
   在 LYCoder.DataAccess.BaseAccess`1.Update(TEntity model, IEnumerable`1 columns) 位置 F:\Projects\LYCoder\LYCoder.DataAccess\BaseAccess.cs:行号 54
   在 LYCoder.Service.UserService.Update(Sys_User model) 位置 F:\Projects\LYCoder\LYCoder.Service\System\UserService.cs:行号 35
   在 LYCoder.Web.Areas.System.Controllers.UserController.Form(Sys_User model, String password, String roleIds) 位置 F:\Projects\LYCoder\LYCoder.Controller\System\UserController.cs:行号 67
   在 lambda_method(Closure , ControllerBase , Object[] )
   在 System.Web.Mvc.ReflectedActionDescriptor.Execute(ControllerContext controllerContext, IDictionary`2 parameters)
   在 System.Web.Mvc.ControllerActionInvoker.InvokeActionMethod(ControllerContext controllerContext, ActionDescriptor actionDescriptor, IDictionary`2 parameters)
   在 System.Web.Mvc.Async.AsyncControllerActionInvoker.<BeginInvokeSynchronousActionMethod>b__39(IAsyncResult asyncResult, ActionInvocation innerInvokeState)
   在 System.Web.Mvc.Async.AsyncResultWrapper.WrappedAsyncResult`2.CallEndDelegate(IAsyncResult asyncResult)
   在 System.Web.Mvc.Async.AsyncControllerActionInvoker.EndInvokeActionMethod(IAsyncResult asyncResult)
   在 System.Web.Mvc.Async.AsyncControllerActionInvoker.AsyncInvocationWithFilters.<InvokeActionMethodFilterAsynchronouslyRecursive>b__3d()
   在 LYCoder.Entity.Database.ExecuteUpdate(String tableName, String primaryKeyName, Object poco, Object primaryKeyValue, IEnumerable`1 columns) 位置 F:\Projects\LYCoder\LYCoder.Entity\TableModels\PetaPoco.cs:行号 1646
   在 LYCoder.Entity.Database.Update(Object poco, Object primaryKeyValue, IEnumerable`1 columns) 位置 F:\Projects\LYCoder\LYCoder.Entity\TableModels\PetaPoco.cs:行号 1517
   在 LYCoder.Entity.Database.Update(Object poco, IEnumerable`1 columns) 位置 F:\Projects\LYCoder\LYCoder.Entity\TableModels\PetaPoco.cs:行号 1480
   在 LYCoder.DataAccess.BaseAccess`1.Update(TEntity model, IEnumerable`1 columns) 位置 F:\Projects\LYCoder\LYCoder.DataAccess\BaseAccess.cs:行号 54
   在 LYCoder.Service.UserService.Update(Sys_User model) 位置 F:\Projects\LYCoder\LYCoder.Service\System\UserService.cs:行号 35
   在 LYCoder.Web.Areas.System.Controllers.UserController.Form(Sys_User model, String password, String roleIds) 位置 F:\Projects\LYCoder\LYCoder.Controller\System\UserController.cs:行号 67
   在 lambda_method(Closure , ControllerBase , Object[] )
   在 System.Web.Mvc.ReflectedActionDescriptor.Execute(ControllerContext controllerContext, IDictionary`2 parameters)
   在 System.Web.Mvc.ControllerActionInvoker.InvokeActionMethod(ControllerContext controllerContext, ActionDescriptor actionDescriptor, IDictionary`2 parameters)
   在 System.Web.Mvc.Async.AsyncControllerActionInvoker.<BeginInvokeSynchronousActionMethod>b__39(IAsyncResult asyncResult, ActionInvocation innerInvokeState)
   在 System.Web.Mvc.Async.AsyncResultWrapper.WrappedAsyncResult`2.CallEndDelegate(IAsyncResult asyncResult)
   在 System.Web.Mvc.Async.AsyncControllerActionInvoker.EndInvokeActionMethod(IAsyncResult asyncResult)
   在 System.Web.Mvc.Async.AsyncControllerActionInvoker.AsyncInvocationWithFilters.<InvokeActionMethodFilterAsynchronouslyRecursive>b__3d()
   在 System.Web.Mvc.Async.AsyncControllerActionInvoker.AsyncInvocationWithFilters.<>c__DisplayClass46.<InvokeActionMethodFilterAsynchronouslyRecursive>b__3f()
   在 System.Web.Mvc.Async.AsyncControllerActionInvoker.AsyncInvocationWithFilters.<>c__DisplayClass46.<InvokeActionMethodFilterAsynchronouslyRecursive>b__3f()
   在 System.Web.Mvc.Async.AsyncControllerActionInvoker.EndInvokeActionMethodWithFilters(IAsyncResult asyncResult)
   在 System.Web.Mvc.Async.AsyncControllerActionInvoker.<>c__DisplayClass21.<>c__DisplayClass2b.<BeginInvokeAction>b__1c()
   在 System.Web.Mvc.Async.AsyncControllerActionInvoker.<>c__DisplayClass21.<BeginInvokeAction>b__1e(IAsyncResult asyncResult)

 发生时间：2017-09-05 00:25:41.5986
 日志级别：ERROR
 操作账号：1
 操作者IP：192.168.0.104
 IP归属地：未分配或者内网IP  内网IP
 浏 览 器：Chrome 60.0
 操作模块：给定关键字不在字典中。
 提示信息：   在 System.Collections.Generic.Dictionary`2.get_Item(TKey key)
   在 LYCoder.Entity.Database.ExecuteUpdate(String tableName, String primaryKeyName, Object poco, Object primaryKeyValue, IEnumerable`1 columns) 位置 F:\Projects\LYCoder\LYCoder.Entity\TableModels\PetaPoco.cs:行号 1646
   在 LYCoder.Entity.Database.Update(Object poco, Object primaryKeyValue, IEnumerable`1 columns) 位置 F:\Projects\LYCoder\LYCoder.Entity\TableModels\PetaPoco.cs:行号 1517
   在 LYCoder.Entity.Database.Update(Object poco, IEnumerable`1 columns) 位置 F:\Projects\LYCoder\LYCoder.Entity\TableModels\PetaPoco.cs:行号 1480
   在 LYCoder.DataAccess.BaseAccess`1.Update(TEntity model, IEnumerable`1 columns) 位置 F:\Projects\LYCoder\LYCoder.DataAccess\BaseAccess.cs:行号 54
   在 LYCoder.Service.UserService.Update(Sys_User model) 位置 F:\Projects\LYCoder\LYCoder.Service\System\UserService.cs:行号 35
   在 LYCoder.Web.Areas.System.Controllers.UserController.Form(Sys_User model, String password, String roleIds) 位置 F:\Projects\LYCoder\LYCoder.Controller\System\UserController.cs:行号 67
   在 lambda_method(Closure , ControllerBase , Object[] )
   在 System.Web.Mvc.ReflectedActionDescriptor.Execute(ControllerContext controllerContext, IDictionary`2 parameters)
   在 System.Web.Mvc.ControllerActionInvoker.InvokeActionMethod(ControllerContext controllerContext, ActionDescriptor actionDescriptor, IDictionary`2 parameters)
   在 System.Web.Mvc.Async.AsyncControllerActionInvoker.<BeginInvokeSynchronousActionMethod>b__39(IAsyncResult asyncResult, ActionInvocation innerInvokeState)
   在 System.Web.Mvc.Async.AsyncResultWrapper.WrappedAsyncResult`2.CallEndDelegate(IAsyncResult asyncResult)
   在 System.Web.Mvc.Async.AsyncControllerActionInvoker.EndInvokeActionMethod(IAsyncResult asyncResult)
   在 System.Web.Mvc.Async.AsyncControllerActionInvoker.AsyncInvocationWithFilters.<InvokeActionMethodFilterAsynchronouslyRecursive>b__3d()
   在 LYCoder.Entity.Database.ExecuteUpdate(String tableName, String primaryKeyName, Object poco, Object primaryKeyValue, IEnumerable`1 columns) 位置 F:\Projects\LYCoder\LYCoder.Entity\TableModels\PetaPoco.cs:行号 1646
   在 LYCoder.Entity.Database.Update(Object poco, Object primaryKeyValue, IEnumerable`1 columns) 位置 F:\Projects\LYCoder\LYCoder.Entity\TableModels\PetaPoco.cs:行号 1517
   在 LYCoder.Entity.Database.Update(Object poco, IEnumerable`1 columns) 位置 F:\Projects\LYCoder\LYCoder.Entity\TableModels\PetaPoco.cs:行号 1480
   在 LYCoder.DataAccess.BaseAccess`1.Update(TEntity model, IEnumerable`1 columns) 位置 F:\Projects\LYCoder\LYCoder.DataAccess\BaseAccess.cs:行号 54
   在 LYCoder.Service.UserService.Update(Sys_User model) 位置 F:\Projects\LYCoder\LYCoder.Service\System\UserService.cs:行号 35
   在 LYCoder.Web.Areas.System.Controllers.UserController.Form(Sys_User model, String password, String roleIds) 位置 F:\Projects\LYCoder\LYCoder.Controller\System\UserController.cs:行号 67
   在 lambda_method(Closure , ControllerBase , Object[] )
   在 System.Web.Mvc.ReflectedActionDescriptor.Execute(ControllerContext controllerContext, IDictionary`2 parameters)
   在 System.Web.Mvc.ControllerActionInvoker.InvokeActionMethod(ControllerContext controllerContext, ActionDescriptor actionDescriptor, IDictionary`2 parameters)
   在 System.Web.Mvc.Async.AsyncControllerActionInvoker.<BeginInvokeSynchronousActionMethod>b__39(IAsyncResult asyncResult, ActionInvocation innerInvokeState)
   在 System.Web.Mvc.Async.AsyncResultWrapper.WrappedAsyncResult`2.CallEndDelegate(IAsyncResult asyncResult)
   在 System.Web.Mvc.Async.AsyncControllerActionInvoker.EndInvokeActionMethod(IAsyncResult asyncResult)
   在 System.Web.Mvc.Async.AsyncControllerActionInvoker.AsyncInvocationWithFilters.<InvokeActionMethodFilterAsynchronouslyRecursive>b__3d()
   在 System.Web.Mvc.Async.AsyncControllerActionInvoker.AsyncInvocationWithFilters.<>c__DisplayClass46.<InvokeActionMethodFilterAsynchronouslyRecursive>b__3f()
   在 System.Web.Mvc.Async.AsyncControllerActionInvoker.AsyncInvocationWithFilters.<>c__DisplayClass46.<InvokeActionMethodFilterAsynchronouslyRecursive>b__3f()
   在 System.Web.Mvc.Async.AsyncControllerActionInvoker.EndInvokeActionMethodWithFilters(IAsyncResult asyncResult)
   在 System.Web.Mvc.Async.AsyncControllerActionInvoker.<>c__DisplayClass21.<>c__DisplayClass2b.<BeginInvokeAction>b__1c()
   在 System.Web.Mvc.Async.AsyncControllerActionInvoker.<>c__DisplayClass21.<BeginInvokeAction>b__1e(IAsyncResult asyncResult)

 发生时间：2017-09-05 00:33:19.4548
 日志级别：ERROR
 操作账号：1
 操作者IP：192.168.0.104
 IP归属地：未分配或者内网IP  内网IP
 浏 览 器：Chrome 60.0
 操作模块：程序异常
 提示信息：给定关键字不在字典中。   在 System.Collections.Generic.Dictionary`2.get_Item(TKey key)
   在 LYCoder.Entity.Database.ExecuteUpdate(String tableName, String primaryKeyName, Object poco, Object primaryKeyValue, IEnumerable`1 columns) 位置 F:\Projects\LYCoder\LYCoder.Entity\TableModels\PetaPoco.cs:行号 1644
   在 LYCoder.Entity.Database.Update(Object poco, Object primaryKeyValue, IEnumerable`1 columns) 位置 F:\Projects\LYCoder\LYCoder.Entity\TableModels\PetaPoco.cs:行号 1516
   在 LYCoder.Entity.Database.Update(Object poco, IEnumerable`1 columns) 位置 F:\Projects\LYCoder\LYCoder.Entity\TableModels\PetaPoco.cs:行号 1479
   在 LYCoder.DataAccess.BaseAccess`1.Update(TEntity model, IEnumerable`1 columns) 位置 F:\Projects\LYCoder\LYCoder.DataAccess\BaseAccess.cs:行号 54
   在 LYCoder.Service.UserService.Update(Sys_User model) 位置 F:\Projects\LYCoder\LYCoder.Service\System\UserService.cs:行号 35
   在 LYCoder.Web.Areas.System.Controllers.UserController.Form(Sys_User model, String password, String roleIds) 位置 F:\Projects\LYCoder\LYCoder.Controller\System\UserController.cs:行号 67
   在 lambda_method(Closure , ControllerBase , Object[] )
   在 System.Web.Mvc.ActionMethodDispatcher.Execute(ControllerBase controller, Object[] parameters)
   在 System.Web.Mvc.ReflectedActionDescriptor.Execute(ControllerContext controllerContext, IDictionary`2 parameters)
   在 System.Web.Mvc.ControllerActionInvoker.InvokeActionMethod(ControllerContext controllerContext, ActionDescriptor actionDescriptor, IDictionary`2 parameters)
   在 System.Web.Mvc.Async.AsyncControllerActionInvoker.ActionInvocation.InvokeSynchronousActionMethod()
   在 System.Web.Mvc.Async.AsyncControllerActionInvoker.<BeginInvokeSynchronousActionMethod>b__39(IAsyncResult asyncResult, ActionInvocation innerInvokeState)
   在 System.Web.Mvc.Async.AsyncResultWrapper.WrappedAsyncResult`2.CallEndDelegate(IAsyncResult asyncResult)
   在 System.Web.Mvc.Async.AsyncResultWrapper.WrappedAsyncResultBase`1.End()
   在 System.Web.Mvc.Async.AsyncResultWrapper.End[TResult](IAsyncResult asyncResult, Object tag)
   在 System.Web.Mvc.Async.AsyncControllerActionInvoker.EndInvokeActionMethod(IAsyncResult asyncResult)
   在 System.Web.Mvc.Async.AsyncControllerActionInvoker.AsyncInvocationWithFilters.<InvokeActionMethodFilterAsynchronouslyRecursive>b__3d()
   在 System.Web.Mvc.Async.AsyncControllerActionInvoker.AsyncInvocationWithFilters.<>c__DisplayClass46.<InvokeActionMethodFilterAsynchronouslyRecursive>b__3f()
   在 System.Web.Mvc.Async.AsyncControllerActionInvoker.AsyncInvocationWithFilters.<>c__DisplayClass46.<InvokeActionMethodFilterAsynchronouslyRecursive>b__3f()
   在 System.Web.Mvc.Async.AsyncControllerActionInvoker.<>c__DisplayClass33.<BeginInvokeActionMethodWithFilters>b__32(IAsyncResult asyncResult)
   在 System.Web.Mvc.Async.AsyncResultWrapper.WrappedAsyncResult`1.CallEndDelegate(IAsyncResult asyncResult)
   在 System.Web.Mvc.Async.AsyncResultWrapper.WrappedAsyncResultBase`1.End()
   在 System.Web.Mvc.Async.AsyncResultWrapper.End[TResult](IAsyncResult asyncResult, Object tag)
   在 System.Web.Mvc.Async.AsyncControllerActionInvoker.EndInvokeActionMethodWithFilters(IAsyncResult asyncResult)
   在 System.Web.Mvc.Async.AsyncControllerActionInvoker.<>c__DisplayClass21.<>c__DisplayClass2b.<BeginInvokeAction>b__1c()
   在 System.Web.Mvc.Async.AsyncControllerActionInvoker.<>c__DisplayClass21.<BeginInvokeAction>b__1e(IAsyncResult asyncResult)

 发生时间：2017-09-05 00:33:19.5338
 日志级别：ERROR
 操作账号：1
 操作者IP：192.168.0.104
 IP归属地：未分配或者内网IP  内网IP
 浏 览 器：Chrome 60.0
 操作模块：给定关键字不在字典中。
 提示信息：   在 System.Collections.Generic.Dictionary`2.get_Item(TKey key)
   在 LYCoder.Entity.Database.ExecuteUpdate(String tableName, String primaryKeyName, Object poco, Object primaryKeyValue, IEnumerable`1 columns) 位置 F:\Projects\LYCoder\LYCoder.Entity\TableModels\PetaPoco.cs:行号 1644
   在 LYCoder.Entity.Database.Update(Object poco, Object primaryKeyValue, IEnumerable`1 columns) 位置 F:\Projects\LYCoder\LYCoder.Entity\TableModels\PetaPoco.cs:行号 1516
   在 LYCoder.Entity.Database.Update(Object poco, IEnumerable`1 columns) 位置 F:\Projects\LYCoder\LYCoder.Entity\TableModels\PetaPoco.cs:行号 1479
   在 LYCoder.DataAccess.BaseAccess`1.Update(TEntity model, IEnumerable`1 columns) 位置 F:\Projects\LYCoder\LYCoder.DataAccess\BaseAccess.cs:行号 54
   在 LYCoder.Service.UserService.Update(Sys_User model) 位置 F:\Projects\LYCoder\LYCoder.Service\System\UserService.cs:行号 35
   在 LYCoder.Web.Areas.System.Controllers.UserController.Form(Sys_User model, String password, String roleIds) 位置 F:\Projects\LYCoder\LYCoder.Controller\System\UserController.cs:行号 67
   在 lambda_method(Closure , ControllerBase , Object[] )
   在 System.Web.Mvc.ActionMethodDispatcher.Execute(ControllerBase controller, Object[] parameters)
   在 System.Web.Mvc.ReflectedActionDescriptor.Execute(ControllerContext controllerContext, IDictionary`2 parameters)
   在 System.Web.Mvc.ControllerActionInvoker.InvokeActionMethod(ControllerContext controllerContext, ActionDescriptor actionDescriptor, IDictionary`2 parameters)
   在 System.Web.Mvc.Async.AsyncControllerActionInvoker.ActionInvocation.InvokeSynchronousActionMethod()
   在 System.Web.Mvc.Async.AsyncControllerActionInvoker.<BeginInvokeSynchronousActionMethod>b__39(IAsyncResult asyncResult, ActionInvocation innerInvokeState)
   在 System.Web.Mvc.Async.AsyncResultWrapper.WrappedAsyncResult`2.CallEndDelegate(IAsyncResult asyncResult)
   在 System.Web.Mvc.Async.AsyncResultWrapper.WrappedAsyncResultBase`1.End()
   在 System.Web.Mvc.Async.AsyncResultWrapper.End[TResult](IAsyncResult asyncResult, Object tag)
   在 System.Web.Mvc.Async.AsyncControllerActionInvoker.EndInvokeActionMethod(IAsyncResult asyncResult)
   在 System.Web.Mvc.Async.AsyncControllerActionInvoker.AsyncInvocationWithFilters.<InvokeActionMethodFilterAsynchronouslyRecursive>b__3d()
   在 System.Web.Mvc.Async.AsyncControllerActionInvoker.AsyncInvocationWithFilters.<>c__DisplayClass46.<InvokeActionMethodFilterAsynchronouslyRecursive>b__3f()
   在 System.Web.Mvc.Async.AsyncControllerActionInvoker.AsyncInvocationWithFilters.<>c__DisplayClass46.<InvokeActionMethodFilterAsynchronouslyRecursive>b__3f()
   在 System.Web.Mvc.Async.AsyncControllerActionInvoker.<>c__DisplayClass33.<BeginInvokeActionMethodWithFilters>b__32(IAsyncResult asyncResult)
   在 System.Web.Mvc.Async.AsyncResultWrapper.WrappedAsyncResult`1.CallEndDelegate(IAsyncResult asyncResult)
   在 System.Web.Mvc.Async.AsyncResultWrapper.WrappedAsyncResultBase`1.End()
   在 System.Web.Mvc.Async.AsyncResultWrapper.End[TResult](IAsyncResult asyncResult, Object tag)
   在 System.Web.Mvc.Async.AsyncControllerActionInvoker.EndInvokeActionMethodWithFilters(IAsyncResult asyncResult)
   在 System.Web.Mvc.Async.AsyncControllerActionInvoker.<>c__DisplayClass21.<>c__DisplayClass2b.<BeginInvokeAction>b__1c()
   在 System.Web.Mvc.Async.AsyncControllerActionInvoker.<>c__DisplayClass21.<BeginInvokeAction>b__1e(IAsyncResult asyncResult)

